{
  "RSpec": {
    "coverage": {
      "/Users/RS/Desktop/postgrad_projects/beer_project/brew_master/app/models/brewery.rb": [
        1,
        1,
        1,
        1,
        null,
        null,
        null,
        null,
        null,
        null,
        null,
        null,
        null,
        null,
        null,
        null,
        null,
        null,
        null,
        1,
        null,
        null,
        null,
        null,
        null,
        null,
        null,
        null
      ],
      "/Users/RS/Desktop/postgrad_projects/beer_project/brew_master/spec/model/event_spec.rb": [
        1,
        null,
        1,
        1,
        2,
        2,
        2,
        2,
        2,
        2,
        2,
        2,
        2,
        2,
        2,
        null,
        2,
        2,
        null,
        null,
        1,
        2,
        2,
        null,
        null
      ],
      "/Users/RS/Desktop/postgrad_projects/beer_project/brew_master/app/models/event.rb": [
        1,
        1,
        1,
        1,
        null,
        null,
        null,
        null,
        null,
        null,
        null,
        null,
        null,
        null,
        null,
        null,
        null,
        null,
        1,
        null,
        null,
        null,
        null
      ],
      "/Users/RS/Desktop/postgrad_projects/beer_project/brew_master/app/models/brewery_event.rb": [
        1,
        1,
        1,
        null
      ]
    },
    "timestamp": 1504651799
  }
}
